<?xml version="1.0" encoding="UTF-8"?>
<!-- Generated by org.testng.reporters.JUnitReportReporter -->
<testsuite hostname="Seans-MacBook-Pro-2.local" failures="0" tests="1" name="webAutoTwo.autoTwo" time="20.167" errors="0" timestamp="2020-06-17T12:31:42 PDT" skipped="0">
  <testcase classname="webAutoTwo.autoTwo" name="f" time="20.167"/>
  <system-out/>
</testsuite> <!-- webAutoTwo.autoTwo -->
